Added Component: Designator=C1(0603_cap)
Added Component: Designator=C2(WCAP-ASLI_D5H5.5)
Added Component: Designator=C3(0603_cap)
Added Component: Designator=C4(0603_cap)
Added Component: Designator=C5(0603_cap)
Added Component: Designator=C6(0603_cap)
Added Component: Designator=C7(0603_cap)
Added Component: Designator=C8(0603_cap)
Added Component: Designator=C9(0603_cap)
Added Component: Designator=C10(0603_cap)
Added Component: Designator=C11(0603_cap)
Added Component: Designator=C12(0603_cap)
Added Component: Designator=C13(WCAP-ASLI_D5H5.5)
Added Component: Designator=D1(us1k_smd)
Add component (AddParameter): Name = "Datasheet"; Value = "https://diotec.com/de/produktliste/D.html"; VariantName = "[No Variations]"
Add component (AddParameter): Name = "ki_description"; Value = "Diode"; VariantName = "[No Variations]"
Add component (AddParameter): Name = "ki_keywords"; Value = "Diode"; VariantName = "[No Variations]"
Add component (AddParameter): Name = "Reference"; Value = "D"; VariantName = "[No Variations]"
Add component (AddParameter): Name = "Supplier"; Value = ""; VariantName = "[No Variations]"
Add component (AddParameter): Name = "Value"; Value = "Diode"; VariantName = "[No Variations]"
Added Component: Designator=D2(us1k_smd)
Add component (AddParameter): Name = "Datasheet"; Value = "https://diotec.com/de/produktliste/D.html"; VariantName = "[No Variations]"
Add component (AddParameter): Name = "ki_description"; Value = "Diode"; VariantName = "[No Variations]"
Add component (AddParameter): Name = "ki_keywords"; Value = "Diode"; VariantName = "[No Variations]"
Add component (AddParameter): Name = "Reference"; Value = "D"; VariantName = "[No Variations]"
Add component (AddParameter): Name = "Supplier"; Value = ""; VariantName = "[No Variations]"
Add component (AddParameter): Name = "Value"; Value = "Diode"; VariantName = "[No Variations]"
Added Component: Designator=D3(1N5817W)
Add component (AddParameter): Name = "Average Rectified Current"; Value = "3A"; VariantName = "[No Variations]"
Add component (AddParameter): Name = "Case/Package"; Value = "DO-201AD"; VariantName = "[No Variations]"
Add component (AddParameter): Name = "ComponentLink1Description"; Value = "http://www.liteon-semi.com/download.php?hSFile=1N5820-1N5822-5.pdf&hDFile=tecfile01312524214.pdf&src-supplier=Avnet+Asia"; VariantName = "[No Variations]"
Add component (AddParameter): Name = "ComponentLink1URL"; Value = "http://www.liteon-semi.com/download.php?hSFile=1N5820-1N5822-5.pdf&hDFile=tecfile01312524214.pdf&src-supplier=Avnet+Asia"; VariantName = "[No Variations]"
Add component (AddParameter): Name = "ComponentLink2Description"; Value = "http://docs-usa.electrocomponents.com/techlib:/itc_doclist_US.htm?stockno=7009899&src-supplier=Allied+Electronics"; VariantName = "[No Variations]"
Add component (AddParameter): Name = "ComponentLink2URL"; Value = "http://docs-usa.electrocomponents.com/techlib:/itc_doclist_US.htm?stockno=7009899&src-supplier=Allied+Electronics"; VariantName = "[No Variations]"
Add component (AddParameter): Name = "Element Configuration"; Value = "Single"; VariantName = "[No Variations]"
Add component (AddParameter): Name = "Forward Current"; Value = "3A"; VariantName = "[No Variations]"
Add component (AddParameter): Name = "Forward Voltage"; Value = "850mV"; VariantName = "[No Variations]"
Add component (AddParameter): Name = "Height"; Value = "5.3mm"; VariantName = "[No Variations]"
Add component (AddParameter): Name = "Length"; Value = "9.5mm"; VariantName = "[No Variations]"
Add component (AddParameter): Name = "Manufacturer"; Value = "Vishay"; VariantName = "[No Variations]"
Add component (AddParameter): Name = "Manufacturer Part Number"; Value = "1N5820"; VariantName = "[No Variations]"
Add component (AddParameter): Name = "Max Forward Surge Current (Ifsm)"; Value = "80A"; VariantName = "[No Variations]"
Add component (AddParameter): Name = "Max Operating Temperature"; Value = "125°C"; VariantName = "[No Variations]"
Add component (AddParameter): Name = "Max Repetitive Reverse Voltage (Vrrm)"; Value = "20V"; VariantName = "[No Variations]"
Add component (AddParameter): Name = "Max Reverse Current"; Value = "150uA"; VariantName = "[No Variations]"
Add component (AddParameter): Name = "Max Reverse Leakage Current"; Value = "2mA"; VariantName = "[No Variations]"
Add component (AddParameter): Name = "Max Surge Current"; Value = "80A"; VariantName = "[No Variations]"
Add component (AddParameter): Name = "Min Operating Temperature"; Value = "-65°C"; VariantName = "[No Variations]"
Add component (AddParameter): Name = "Mount"; Value = "Through Hole"; VariantName = "[No Variations]"
Add component (AddParameter): Name = "Number of Pins"; Value = "2"; VariantName = "[No Variations]"
Add component (AddParameter): Name = "Packaging"; Value = "Bulk"; VariantName = "[No Variations]"
Add component (AddParameter): Name = "Peak Non-Repetitive Surge Current"; Value = "80A"; VariantName = "[No Variations]"
Add component (AddParameter): Name = "Radiation Hardening"; Value = "No"; VariantName = "[No Variations]"
Add component (AddParameter): Name = "RoHS Compliant"; Value = "No"; VariantName = "[No Variations]"
Add component (AddParameter): Name = "Stock 1"; Value = "0"; VariantName = "[No Variations]"
Add component (AddParameter): Name = "Supplier 1"; Value = "RSComponents"; VariantName = "[No Variations]"
Add component (AddParameter): Name = "Supplier Part Number 1"; Value = "700-9899"; VariantName = "[No Variations]"
Add component (AddParameter): Name = "Width"; Value = "5.3mm"; VariantName = "[No Variations]"
Added Component: Designator=D4(us1k_smd)
Add component (AddParameter): Name = "Datasheet"; Value = "https://diotec.com/de/produktliste/D.html"; VariantName = "[No Variations]"
Add component (AddParameter): Name = "ki_description"; Value = "Diode"; VariantName = "[No Variations]"
Add component (AddParameter): Name = "ki_keywords"; Value = "Diode"; VariantName = "[No Variations]"
Add component (AddParameter): Name = "Reference"; Value = "D"; VariantName = "[No Variations]"
Add component (AddParameter): Name = "Supplier"; Value = ""; VariantName = "[No Variations]"
Add component (AddParameter): Name = "Value"; Value = "Diode"; VariantName = "[No Variations]"
Added Component: Designator=H1(plug)
Added Component: Designator=H2(HDR2X8)
Added Component: Designator=M1(IRF540N_smd)
Add component (AddParameter): Name = "Case/Package"; Value = "TO-220AB"; VariantName = "[No Variations]"
Add component (AddParameter): Name = "ComponentLink1Description"; Value = "http://www.produktinfo.conrad.com/datenblaetter/150000-174999/162412-da-01-en-IRF_540_N.pdf?src-supplier=Conrad"; VariantName = "[No Variations]"
Add component (AddParameter): Name = "ComponentLink1URL"; Value = "http://www.produktinfo.conrad.com/datenblaetter/150000-174999/162412-da-01-en-IRF_540_N.pdf?src-supplier=Conrad"; VariantName = "[No Variations]"
Add component (AddParameter): Name = "Continuous Drain Current (ID)"; Value = "33A"; VariantName = "[No Variations]"
Add component (AddParameter): Name = "Gate to Source Voltage (Vgs)"; Value = "20V"; VariantName = "[No Variations]"
Add component (AddParameter): Name = "Manufacturer"; Value = "International Rectifier"; VariantName = "[No Variations]"
Add component (AddParameter): Name = "Manufacturer Part Number"; Value = "IRF540N"; VariantName = "[No Variations]"
Add component (AddParameter): Name = "Max Operating Temperature"; Value = "175°C"; VariantName = "[No Variations]"
Add component (AddParameter): Name = "Min Operating Temperature"; Value = "-55°C"; VariantName = "[No Variations]"
Add component (AddParameter): Name = "Mount"; Value = "Through Hole"; VariantName = "[No Variations]"
Add component (AddParameter): Name = "Number of Elements"; Value = "1"; VariantName = "[No Variations]"
Add component (AddParameter): Name = "Number of Pins"; Value = "3"; VariantName = "[No Variations]"
Add component (AddParameter): Name = "Power Dissipation"; Value = "130W"; VariantName = "[No Variations]"
Add component (AddParameter): Name = "RoHS Compliant"; Value = "No"; VariantName = "[No Variations]"
Add component (AddParameter): Name = "Stock 1"; Value = "0"; VariantName = "[No Variations]"
Add component (AddParameter): Name = "Supplier 1"; Value = "Future Electronics"; VariantName = "[No Variations]"
Add component (AddParameter): Name = "Supplier Part Number 1"; Value = "IRF540NPBF-TUBE"; VariantName = "[No Variations]"
Added Component: Designator=Q1(b772_smd)
Added Component: Designator=R1(0603_Res)
Added Component: Designator=R2(0603_Res)
Added Component: Designator=R3(0603_Res)
Added Component: Designator=R4(0603_Res)
Added Component: Designator=R5(0603_Res)
Added Component: Designator=R6(0603_Res)
Added Component: Designator=R7(0603_Res)
Added Component: Designator=R8(0603_Res)
Added Component: Designator=R9(0603_Res)
Added Component: Designator=R10(0603_Res)
Added Component: Designator=R11(0603_Res)
Added Component: Designator=R12(0603_Res)
Added Component: Designator=R13(0603_Res)
Added Component: Designator=R14(0603_Res)
Added Component: Designator=R15(0603_Res)
Added Component: Designator=R16(0603_Res)
Added Component: Designator=trans1(Transformer_2)
Added Component: Designator=U1(SO16 - W)
Added Component: Designator=U2(uc3843_smd)
Add component (AddParameter): Name = "Case/Package"; Value = "PDIP"; VariantName = "[No Variations]"
Add component (AddParameter): Name = "ComponentLink1Description"; Value = "http://www.st.com/content/ccc/resource/technical/document/datasheet/b6/e8/cc/ba/4f/cd/42/9b/CD00000966.pdf/files/CD00000966.pdf/jcr:content/translations/en.CD00000966.pdf?src-supplier=Digi-Key"; VariantName = "[No Variations]"
Add component (AddParameter): Name = "ComponentLink1URL"; Value = "http://www.st.com/content/ccc/resource/technical/document/datasheet/b6/e8/cc/ba/4f/cd/42/9b/CD00000966.pdf/files/CD00000966.pdf/jcr:content/translations/en.CD00000966.pdf?src-supplier=Digi-Key"; VariantName = "[No Variations]"
Add component (AddParameter): Name = "ComponentLink2Description"; Value = "http://www.mouser.com/ds/2/389/uc2842b-974450.pdf?src-supplier=Mouser"; VariantName = "[No Variations]"
Add component (AddParameter): Name = "ComponentLink2URL"; Value = "http://www.mouser.com/ds/2/389/uc2842b-974450.pdf?src-supplier=Mouser"; VariantName = "[No Variations]"
Add component (AddParameter): Name = "ComponentLink3Description"; Value = "http://www.st.com/web/en/resource/technical/document/datasheet/CD00000966.pdf?src-supplier=Avnet"; VariantName = "[No Variations]"
Add component (AddParameter): Name = "ComponentLink3URL"; Value = "http://www.st.com/web/en/resource/technical/document/datasheet/CD00000966.pdf?src-supplier=Avnet"; VariantName = "[No Variations]"
Add component (AddParameter): Name = "ComponentLink4Description"; Value = "http://www.st.com/web/en/resource/technical/document/datasheet/CD00000966.pdf?src-supplier=Future+Electronics"; VariantName = "[No Variations]"
Add component (AddParameter): Name = "ComponentLink4URL"; Value = "http://www.st.com/web/en/resource/technical/document/datasheet/CD00000966.pdf?src-supplier=Future+Electronics"; VariantName = "[No Variations]"
Add component (AddParameter): Name = "ComponentLink5Description"; Value = "https://www.verical.com/server-webapp/html/getDatasheet?partID=66041&src-supplier=Verical"; VariantName = "[No Variations]"
Add component (AddParameter): Name = "ComponentLink5URL"; Value = "https://www.verical.com/server-webapp/html/getDatasheet?partID=66041&src-supplier=Verical"; VariantName = "[No Variations]"
Add component (AddParameter): Name = "ComponentLink6Description"; Value = "http://www.produktinfo.conrad.com/datenblaetter/1100000-1199999/001185662-da-01-en-IC_REG_CTRLR_PWM_CM_UC3843BN_DIP_8_STM.pdf?src-supplier=Conrad"; VariantName = "[No Variations]"
Add component (AddParameter): Name = "ComponentLink6URL"; Value = "http://www.produktinfo.conrad.com/datenblaetter/1100000-1199999/001185662-da-01-en-IC_REG_CTRLR_PWM_CM_UC3843BN_DIP_8_STM.pdf?src-supplier=Conrad"; VariantName = "[No Variations]"
Add component (AddParameter): Name = "Duty Cycle"; Value = "100%"; VariantName = "[No Variations]"
Add component (AddParameter): Name = "Fall Time"; Value = "50ns"; VariantName = "[No Variations]"
Add component (AddParameter): Name = "Frequency"; Value = "250kHz"; VariantName = "[No Variations]"
Add component (AddParameter): Name = "Height"; Value = "3.32mm"; VariantName = "[No Variations]"
Add component (AddParameter): Name = "Lead Free"; Value = "Lead Free"; VariantName = "[No Variations]"
Add component (AddParameter): Name = "Length"; Value = "10.92mm"; VariantName = "[No Variations]"
Add component (AddParameter): Name = "Manufacturer"; Value = "STMicroelectronics"; VariantName = "[No Variations]"
Add component (AddParameter): Name = "Manufacturer Part Number"; Value = "UC3843BN"; VariantName = "[No Variations]"
Add component (AddParameter): Name = "Max Duty Cycle"; Value = "100%"; VariantName = "[No Variations]"
Add component (AddParameter): Name = "Max Frequency"; Value = "500kHz"; VariantName = "[No Variations]"
Add component (AddParameter): Name = "Max Operating Temperature"; Value = "150°C"; VariantName = "[No Variations]"
Add component (AddParameter): Name = "Max Power Dissipation"; Value = "800mW"; VariantName = "[No Variations]"
Add component (AddParameter): Name = "Max Supply Current"; Value = "17mA"; VariantName = "[No Variations]"
Add component (AddParameter): Name = "Max Supply Voltage"; Value = "30V"; VariantName = "[No Variations]"
Add component (AddParameter): Name = "Min Operating Temperature"; Value = "-40°C"; VariantName = "[No Variations]"
Add component (AddParameter): Name = "Min Supply Voltage"; Value = "12V"; VariantName = "[No Variations]"
Add component (AddParameter): Name = "Mount"; Value = "Through Hole"; VariantName = "[No Variations]"
Add component (AddParameter): Name = "Number of Outputs"; Value = "1"; VariantName = "[No Variations]"
Add component (AddParameter): Name = "Number of Pins"; Value = "8"; VariantName = "[No Variations]"
Add component (AddParameter): Name = "Output Current"; Value = "1A"; VariantName = "[No Variations]"
Add component (AddParameter): Name = "Output Voltage"; Value = "5.1V"; VariantName = "[No Variations]"
Add component (AddParameter): Name = "Package Quantity"; Value = "50"; VariantName = "[No Variations]"
Add component (AddParameter): Name = "Packaging"; Value = "Rail/Tube"; VariantName = "[No Variations]"
Add component (AddParameter): Name = "Power Dissipation"; Value = "800mW"; VariantName = "[No Variations]"
Add component (AddParameter): Name = "Pricing 1"; Value = "1=0.9063, 10=0.7523, 25=0.7389, 100=0.6172, 250=0.5737, 500=0.4903, 1000=0.3493, 4000=0.3129, 5000=0.3123, 6000=0.3104, 8000=0.3085, 10000=0.3066, 20000=0.3047, 25000=0.3027, 30000=0.3008, 50000=0.2988 (USD)"; VariantName = "[No Variations]"
Add component (AddParameter): Name = "Radiation Hardening"; Value = "No"; VariantName = "[No Variations]"
Add component (AddParameter): Name = "REACH SVHC"; Value = "No SVHC"; VariantName = "[No Variations]"
Add component (AddParameter): Name = "Rise Time"; Value = "50ns"; VariantName = "[No Variations]"
Add component (AddParameter): Name = "RoHS Compliant"; Value = "Yes"; VariantName = "[No Variations]"
Add component (AddParameter): Name = "Series"; Value = "-"; VariantName = "[No Variations]"
Add component (AddParameter): Name = "Stock 1"; Value = "669"; VariantName = "[No Variations]"
Add component (AddParameter): Name = "Supplier 1"; Value = "Arrow Electronics"; VariantName = "[No Variations]"
Add component (AddParameter): Name = "Supplier Part Number 1"; Value = "UC3843BN"; VariantName = "[No Variations]"
Add component (AddParameter): Name = "Switching Frequency"; Value = "500kHz"; VariantName = "[No Variations]"
Add component (AddParameter): Name = "Topology"; Value = "Boost,Flyback"; VariantName = "[No Variations]"
Add component (AddParameter): Name = "Weight"; Value = "0.032805oz"; VariantName = "[No Variations]"
Add component (AddParameter): Name = "Width"; Value = "6.6mm"; VariantName = "[No Variations]"
Added Component: Designator=U3(pc816_smd)
Add component (AddParameter): Name = "Case/Package"; Value = "PDIP"; VariantName = "[No Variations]"
Add component (AddParameter): Name = "Collector Emitter Saturation Voltage"; Value = "200mV"; VariantName = "[No Variations]"
Add component (AddParameter): Name = "Collector Emitter Voltage (VCEO)"; Value = "35V"; VariantName = "[No Variations]"
Add component (AddParameter): Name = "Current Transfer Ratio"; Value = "600%"; VariantName = "[No Variations]"
Add component (AddParameter): Name = "Fall Time"; Value = "18000ns"; VariantName = "[No Variations]"
Add component (AddParameter): Name = "Forward Current"; Value = "50mA"; VariantName = "[No Variations]"
Add component (AddParameter): Name = "Forward Voltage"; Value = "1.4V"; VariantName = "[No Variations]"
Add component (AddParameter): Name = "Input Type"; Value = "DC"; VariantName = "[No Variations]"
Add component (AddParameter): Name = "Manufacturer"; Value = "Sharp"; VariantName = "[No Variations]"
Add component (AddParameter): Name = "Manufacturer Part Number"; Value = "PC817"; VariantName = "[No Variations]"
Add component (AddParameter): Name = "Max Operating Temperature"; Value = "100°C"; VariantName = "[No Variations]"
Add component (AddParameter): Name = "Min Operating Temperature"; Value = "-30°C"; VariantName = "[No Variations]"
Add component (AddParameter): Name = "Mount"; Value = "Through Hole"; VariantName = "[No Variations]"
Add component (AddParameter): Name = "Number of Elements"; Value = "1"; VariantName = "[No Variations]"
Add component (AddParameter): Name = "Number of Pins"; Value = "4"; VariantName = "[No Variations]"
Add component (AddParameter): Name = "Packaging"; Value = "Sleeve"; VariantName = "[No Variations]"
Add component (AddParameter): Name = "Power Dissipation"; Value = "200mW"; VariantName = "[No Variations]"
Add component (AddParameter): Name = "Reverse Breakdown Voltage"; Value = "6V"; VariantName = "[No Variations]"
Add component (AddParameter): Name = "Rise Time"; Value = "18000ns"; VariantName = "[No Variations]"
Add component (AddParameter): Name = "RoHS Compliant"; Value = "No"; VariantName = "[No Variations]"
Add component (AddParameter): Name = "Stock 1"; Value = "0"; VariantName = "[No Variations]"
Add component (AddParameter): Name = "Supplier 1"; Value = "Arrow Electronics"; VariantName = "[No Variations]"
Add component (AddParameter): Name = "Supplier Part Number 1"; Value = "PC817"; VariantName = "[No Variations]"
Added Component: Designator=U4(VREG_TL431IPK)
Add component (AddParameter): Name = "Accuracy"; Value = "2%"; VariantName = "[No Variations]"
Add component (AddParameter): Name = "Case/Package"; Value = "TO-92"; VariantName = "[No Variations]"
Add component (AddParameter): Name = "Cathode Current"; Value = "1mA"; VariantName = "[No Variations]"
Add component (AddParameter): Name = "ComponentLink1Description"; Value = "http://www.st.com/web/en/resource/technical/document/datasheet/CD00000986.pdf?src-supplier=Digi-Key"; VariantName = "[No Variations]"
Add component (AddParameter): Name = "ComponentLink1URL"; Value = "http://www.st.com/web/en/resource/technical/document/datasheet/CD00000986.pdf?src-supplier=Digi-Key"; VariantName = "[No Variations]"
Add component (AddParameter): Name = "ComponentLink2Description"; Value = "http://www.st.com/content/ccc/resource/technical/document/datasheet/2d/27/af/41/03/e2/44/8e/CD00000986.pdf/files/CD00000986.pdf/jcr:content/translations/en.CD00000986.pdf?src-supplier=Digi-Key"; VariantName = "[No Variations]"
Add component (AddParameter): Name = "ComponentLink2URL"; Value = "http://www.st.com/content/ccc/resource/technical/document/datasheet/2d/27/af/41/03/e2/44/8e/CD00000986.pdf/files/CD00000986.pdf/jcr:content/translations/en.CD00000986.pdf?src-supplier=Digi-Key"; VariantName = "[No Variations]"
Add component (AddParameter): Name = "ComponentLink3Description"; Value = "http://www.farnell.com/datasheets/1690313.pdf?src-supplier=Element14"; VariantName = "[No Variations]"
Add component (AddParameter): Name = "ComponentLink3URL"; Value = "http://www.farnell.com/datasheets/1690313.pdf?src-supplier=Element14"; VariantName = "[No Variations]"
Add component (AddParameter): Name = "ComponentLink4Description"; Value = "http://www.rapidonline.com/pdf/82-0290.pdf?src-supplier=Rapid+Electronics"; VariantName = "[No Variations]"
Add component (AddParameter): Name = "ComponentLink4URL"; Value = "http://www.rapidonline.com/pdf/82-0290.pdf?src-supplier=Rapid+Electronics"; VariantName = "[No Variations]"
Add component (AddParameter): Name = "ComponentLink5Description"; Value = "https://www.verical.com/server-webapp/html/getDatasheet?partID=98639&src-supplier=Verical"; VariantName = "[No Variations]"
Add component (AddParameter): Name = "ComponentLink5URL"; Value = "https://www.verical.com/server-webapp/html/getDatasheet?partID=98639&src-supplier=Verical"; VariantName = "[No Variations]"
Add component (AddParameter): Name = "ComponentLink6Description"; Value = "http://www.produktinfo.conrad.com/datenblaetter/150000-174999/155641-da-01-en-SPG_REF_TL431CZ_STM.pdf?src-supplier=Conrad"; VariantName = "[No Variations]"
Add component (AddParameter): Name = "ComponentLink6URL"; Value = "http://www.produktinfo.conrad.com/datenblaetter/150000-174999/155641-da-01-en-SPG_REF_TL431CZ_STM.pdf?src-supplier=Conrad"; VariantName = "[No Variations]"
Add component (AddParameter): Name = "Height"; Value = "4.4mm"; VariantName = "[No Variations]"
Add component (AddParameter): Name = "Lead Free"; Value = "Lead Free"; VariantName = "[No Variations]"
Add component (AddParameter): Name = "Length"; Value = "4.7mm"; VariantName = "[No Variations]"
Add component (AddParameter): Name = "Manufacturer"; Value = "STMicroelectronics"; VariantName = "[No Variations]"
Add component (AddParameter): Name = "Manufacturer Part Number"; Value = "TL431CZ"; VariantName = "[No Variations]"
Add component (AddParameter): Name = "Max Input Voltage"; Value = "37V"; VariantName = "[No Variations]"
Add component (AddParameter): Name = "Max Operating Temperature"; Value = "70°C"; VariantName = "[No Variations]"
Add component (AddParameter): Name = "Max Output Current"; Value = "100mA"; VariantName = "[No Variations]"
Add component (AddParameter): Name = "Max Output Voltage"; Value = "36V"; VariantName = "[No Variations]"
Add component (AddParameter): Name = "Min Operating Temperature"; Value = "0°C"; VariantName = "[No Variations]"
Add component (AddParameter): Name = "Min Output Voltage"; Value = "2.495V"; VariantName = "[No Variations]"
Add component (AddParameter): Name = "Mount"; Value = "Through Hole"; VariantName = "[No Variations]"
Add component (AddParameter): Name = "Nominal Supply Current"; Value = "1mA"; VariantName = "[No Variations]"
Add component (AddParameter): Name = "Number of Channels"; Value = "1"; VariantName = "[No Variations]"
Add component (AddParameter): Name = "Number of Pins"; Value = "3"; VariantName = "[No Variations]"
Add component (AddParameter): Name = "Output Current"; Value = "100mA"; VariantName = "[No Variations]"
Add component (AddParameter): Name = "Output Type"; Value = "Adjustable"; VariantName = "[No Variations]"
Add component (AddParameter): Name = "Output Voltage"; Value = "36V"; VariantName = "[No Variations]"
Add component (AddParameter): Name = "Package Quantity"; Value = "1"; VariantName = "[No Variations]"
Add component (AddParameter): Name = "Packaging"; Value = "Bulk"; VariantName = "[No Variations]"
Add component (AddParameter): Name = "Pricing 1"; Value = "1=0.4405, 10=0.3422, 100=0.2291, 500=0.1883, 1000=0.1722, 2500=0.1137, 10000=0.083, 1=0.3921, 10=0.3046, 100=0.2039, 500=0.1676, 1000=0.1299, 2500=0.1012, 10000=0.0723 (USD)"; VariantName = "[No Variations]"
Add component (AddParameter): Name = "Radiation Hardening"; Value = "No"; VariantName = "[No Variations]"
Add component (AddParameter): Name = "REACH SVHC"; Value = "No SVHC"; VariantName = "[No Variations]"
Add component (AddParameter): Name = "Reference Type"; Value = "Shunt,Adjustable"; VariantName = "[No Variations]"
Add component (AddParameter): Name = "Reference Voltage"; Value = "36V"; VariantName = "[No Variations]"
Add component (AddParameter): Name = "RoHS Compliant"; Value = "Yes"; VariantName = "[No Variations]"
Add component (AddParameter): Name = "Series"; Value = "-"; VariantName = "[No Variations]"
Add component (AddParameter): Name = "Stock 1"; Value = "5333"; VariantName = "[No Variations]"
Add component (AddParameter): Name = "Supplier 1"; Value = "Arrow Electronics"; VariantName = "[No Variations]"
Add component (AddParameter): Name = "Supplier Part Number 1"; Value = "TL431CZ"; VariantName = "[No Variations]"
Add component (AddParameter): Name = "Supply Current"; Value = "1mA"; VariantName = "[No Variations]"
Add component (AddParameter): Name = "Temperature Coefficient"; Value = "100ppm/°C"; VariantName = "[No Variations]"
Add component (AddParameter): Name = "Tolerance"; Value = "2.21%"; VariantName = "[No Variations]"
Add component (AddParameter): Name = "Weight"; Value = "0.01lb"; VariantName = "[No Variations]"
Add component (AddParameter): Name = "Width"; Value = "3.7mm"; VariantName = "[No Variations]"
Added Pin To Net: NetName=C Pin=D2-K
Added Pin To Net: NetName=C Pin=H2-7
Added Pin To Net: NetName=C Pin=H2-7
Added Net: Name=C
Added Pin To Net: NetName=F Pin=C6-1
Added Pin To Net: NetName=F Pin=H2-3
Added Pin To Net: NetName=F Pin=H2-3
Added Pin To Net: NetName=F Pin=R1-1
Added Pin To Net: NetName=F Pin=U1-3
Added Net: Name=F
Added Pin To Net: NetName=GNDK Pin=H2-4
Added Pin To Net: NetName=GNDK Pin=H2-4
Added Pin To Net: NetName=GNDK Pin=U1-5
Added Pin To Net: NetName=GNDK Pin=U1-8
Added Net: Name=GNDK
Added Pin To Net: NetName=G Pin=H2-8
Added Pin To Net: NetName=G Pin=H2-8
Added Pin To Net: NetName=G Pin=R3-2
Added Pin To Net: NetName=G Pin=U1-10
Added Net: Name=G
Added Pin To Net: NetName=Isns Pin=M1-S
Added Pin To Net: NetName=Isns Pin=R6-2
Added Pin To Net: NetName=Isns Pin=R15-2
Added Net: Name=Isns
Added Pin To Net: NetName=NetC4_1 Pin=C4-1
Added Pin To Net: NetName=NetC4_1 Pin=R2-2
Added Pin To Net: NetName=NetC4_1 Pin=U1-14
Added Net: Name=NetC4_1
Added Pin To Net: NetName=NetC7_1 Pin=C7-1
Added Pin To Net: NetName=NetC7_1 Pin=R9-1
Added Pin To Net: NetName=NetC7_1 Pin=R14-1
Added Pin To Net: NetName=NetC7_1 Pin=U2-2
Added Net: Name=NetC7_1
Added Pin To Net: NetName=NetC7_2 Pin=C7-2
Added Pin To Net: NetName=NetC7_2 Pin=C10-2
Added Pin To Net: NetName=NetC7_2 Pin=U2-1
Added Net: Name=NetC7_2
Added Pin To Net: NetName=NetC8_1 Pin=C8-1
Added Pin To Net: NetName=NetC8_1 Pin=R11-2
Added Net: Name=NetC8_1
Added Pin To Net: NetName=NetC8_2 Pin=C8-2
Added Pin To Net: NetName=NetC8_2 Pin=R5-1
Added Pin To Net: NetName=NetC8_2 Pin=R13-2
Added Pin To Net: NetName=NetC8_2 Pin=U4-R
Added Net: Name=NetC8_2
Added Pin To Net: NetName=NetC9_2 Pin=C9-2
Added Pin To Net: NetName=NetC9_2 Pin=R10-1
Added Pin To Net: NetName=NetC9_2 Pin=U2-4
Added Net: Name=NetC9_2
Added Pin To Net: NetName=NetC10_1 Pin=C10-1
Added Pin To Net: NetName=NetC10_1 Pin=R9-2
Added Net: Name=NetC10_1
Added Pin To Net: NetName=NetC11_2 Pin=C11-2
Added Pin To Net: NetName=NetC11_2 Pin=R15-1
Added Pin To Net: NetName=NetC11_2 Pin=U2-3
Added Net: Name=NetC11_2
Added Pin To Net: NetName=NetC12_1 Pin=C12-1
Added Pin To Net: NetName=NetC12_1 Pin=D4-K
Added Pin To Net: NetName=NetC12_1 Pin=R16-1
Added Net: Name=NetC12_1
Added Pin To Net: NetName=NetD1_A Pin=D1-A
Added Pin To Net: NetName=NetD1_A Pin=trans1-4
Added Net: Name=NetD1_A
Added Pin To Net: NetName=NetD2_A Pin=D2-A
Added Pin To Net: NetName=NetD2_A Pin=R2-1
Added Net: Name=NetD2_A
Added Pin To Net: NetName=NetD3_A Pin=D3-A
Added Pin To Net: NetName=NetD3_A Pin=Q1-B
Added Pin To Net: NetName=NetD3_A Pin=R8-1
Added Net: Name=NetD3_A
Added Pin To Net: NetName=NetD3_C Pin=D3-C
Added Pin To Net: NetName=NetD3_C Pin=Q1-E
Added Pin To Net: NetName=NetD3_C Pin=R4-2
Added Net: Name=NetD3_C
Added Pin To Net: NetName=NetD4_A Pin=D4-A
Added Pin To Net: NetName=NetD4_A Pin=M1-D
Added Pin To Net: NetName=NetD4_A Pin=trans1-1
Added Net: Name=NetD4_A
Added Pin To Net: NetName=NetM1_G Pin=M1-G
Added Pin To Net: NetName=NetM1_G Pin=R4-1
Added Net: Name=NetM1_G
Added Pin To Net: NetName=NetR3_1 Pin=R3-1
Added Pin To Net: NetName=NetR3_1 Pin=U1-11
Added Net: Name=NetR3_1
Added Pin To Net: NetName=NetR7_1 Pin=R7-1
Added Pin To Net: NetName=NetR7_1 Pin=U3-1
Added Net: Name=NetR7_1
Added Pin To Net: NetName=NetR11_1 Pin=R11-1
Added Pin To Net: NetName=NetR11_1 Pin=U3-2
Added Pin To Net: NetName=NetR11_1 Pin=U4-C
Added Net: Name=NetR11_1
Added Pin To Net: NetName=PGND Pin=C9-1
Added Pin To Net: NetName=PGND Pin=C11-1
Added Pin To Net: NetName=PGND Pin=C13-2
Added Pin To Net: NetName=PGND Pin=H1-2
Added Pin To Net: NetName=PGND Pin=Q1-C
Added Pin To Net: NetName=PGND Pin=Q1-C
Added Pin To Net: NetName=PGND Pin=R6-1
Added Pin To Net: NetName=PGND Pin=R12-1
Added Pin To Net: NetName=PGND Pin=U2-5
Added Net: Name=PGND
Added Pin To Net: NetName=PMW Pin=H2-5
Added Pin To Net: NetName=PMW Pin=H2-5
Added Pin To Net: NetName=PMW Pin=U1-6
Added Pin To Net: NetName=PMW Pin=U1-7
Added Net: Name=PMW
Added Pin To Net: NetName=pwm Pin=R8-2
Added Pin To Net: NetName=pwm Pin=U2-6
Added Net: Name=pwm
Added Pin To Net: NetName=SGND Pin=C2-2
Added Pin To Net: NetName=SGND Pin=C3-2
Added Pin To Net: NetName=SGND Pin=C4-2
Added Pin To Net: NetName=SGND Pin=C5-2
Added Pin To Net: NetName=SGND Pin=H2-6
Added Pin To Net: NetName=SGND Pin=H2-6
Added Pin To Net: NetName=SGND Pin=R13-1
Added Pin To Net: NetName=SGND Pin=trans1-3
Added Pin To Net: NetName=SGND Pin=U1-9
Added Pin To Net: NetName=SGND Pin=U1-12
Added Pin To Net: NetName=SGND Pin=U1-16
Added Pin To Net: NetName=SGND Pin=U4-A
Added Net: Name=SGND
Added Pin To Net: NetName=uGND Pin=C1-2
Added Pin To Net: NetName=uGND Pin=C6-2
Added Pin To Net: NetName=uGND Pin=H2-1
Added Pin To Net: NetName=uGND Pin=H2-1
Added Pin To Net: NetName=uGND Pin=U1-1
Added Pin To Net: NetName=uGND Pin=U1-4
Added Net: Name=uGND
Added Pin To Net: NetName=VCC Pin=C1-1
Added Pin To Net: NetName=VCC Pin=H2-2
Added Pin To Net: NetName=VCC Pin=H2-2
Added Pin To Net: NetName=VCC Pin=R1-2
Added Pin To Net: NetName=VCC Pin=U1-2
Added Net: Name=VCC
Added Pin To Net: NetName=Vfb Pin=R12-2
Added Pin To Net: NetName=Vfb Pin=R14-2
Added Pin To Net: NetName=Vfb Pin=U3-3
Added Net: Name=Vfb
Added Pin To Net: NetName=Vin Pin=C12-2
Added Pin To Net: NetName=Vin Pin=C13-1
Added Pin To Net: NetName=Vin Pin=H1-1
Added Pin To Net: NetName=Vin Pin=R16-2
Added Pin To Net: NetName=Vin Pin=trans1-2
Added Pin To Net: NetName=Vin Pin=U2-7
Added Net: Name=Vin
Added Pin To Net: NetName=Voiso Pin=C2-1
Added Pin To Net: NetName=Voiso Pin=C3-1
Added Pin To Net: NetName=Voiso Pin=C5-1
Added Pin To Net: NetName=Voiso Pin=D1-K
Added Pin To Net: NetName=Voiso Pin=R5-2
Added Pin To Net: NetName=Voiso Pin=R7-2
Added Pin To Net: NetName=Voiso Pin=U1-13
Added Net: Name=Voiso
Added Pin To Net: NetName=Vref Pin=R10-2
Added Pin To Net: NetName=Vref Pin=U2-8
Added Pin To Net: NetName=Vref Pin=U3-4
Added Net: Name=Vref
Added Class: Name=Gate_Driver_SMPS_V2.0_Sch
Added Room: Name=Gate_Driver_SMPS_V2.0_Sch
